<?xml version="1.0" encoding="UTF-8"?>
<!-- Generated by org.testng.reporters.JUnitReportReporter -->
<testsuite hostname="PB01A500" name="sfdcdemo.Demo" tests="1" failures="0" timestamp="21 Jan 2016 18:13:04 GMT" time="10.813" errors="0">
  <testcase name="testLogin" time="10.813" classname="sfdcdemo.Demo"/>
</testsuite> <!-- sfdcdemo.Demo -->
