<?xml version="1.0" encoding="UTF-8"?>
<!-- Generated by org.testng.reporters.JUnitReportReporter -->
<testsuite hostname="PB01A500" name="sfdcdemo.SetEnvVariables" tests="1" failures="0" timestamp="20 Jan 2016 21:02:42 GMT" time="48.062" errors="0">
  <testcase name="setUp" time="48.062" classname="sfdcdemo.SetEnvVariables"/>
</testsuite> <!-- sfdcdemo.SetEnvVariables -->
