<?xml version="1.0" encoding="UTF-8"?>
<!-- Generated by org.testng.reporters.JUnitReportReporter -->
<testsuite hostname="PB01A500" name="sfdcdemo.CreateLead" tests="2" failures="0" timestamp="21 Jan 2016 18:45:38 GMT" time="18.056" errors="0">
  <testcase name="leadCreation" time="15.670" classname="sfdcdemo.CreateLead"/>
  <testcase name="testLead" time="2.386" classname="sfdcdemo.CreateLead"/>
</testsuite> <!-- sfdcdemo.CreateLead -->
