<?xml version="1.0" encoding="UTF-8"?>
<!-- Generated by org.testng.reporters.JUnitReportReporter -->
<testsuite hostname="PB01A500" name="Demo.Demo" tests="1" failures="0" timestamp="19 Jan 2016 19:05:26 GMT" time="1.717" errors="0">
  <testcase name="testLogin" time="1.717" classname="Demo.Demo"/>
</testsuite> <!-- Demo.Demo -->
