<?xml version="1.0" encoding="UTF-8"?>
<!-- Generated by org.testng.reporters.JUnitReportReporter -->
<testsuite hostname="PB01A500" name="sfdcdemo.CreateLead" tests="2" failures="0" timestamp="22 Jan 2016 17:34:36 GMT" time="14.298" errors="0">
  <testcase name="leadCreation" time="10.339" classname="sfdcdemo.CreateLead"/>
  <testcase name="testLead" time="3.959" classname="sfdcdemo.CreateLead"/>
</testsuite> <!-- sfdcdemo.CreateLead -->
